<?xml version="1.0" encoding="UTF-8"?>
<testsuite xmlns:xsi="http://www.w3.org/2001/XMLSchema-instance" xsi:noNamespaceSchemaLocation="https://maven.apache.org/surefire/maven-surefire-plugin/xsd/surefire-test-report.xsd" version="3.0.2" name="com.pramukh.productservice.ProductServiceApplicationTests" time="5.804" tests="1" errors="0" skipped="0" failures="0">
  <properties>
[...]
</properties>
  <testcase name="contextLoads" classname="com.pramukh.productservice.ProductServiceApplicationTests" time="0.567">
    <system-out><![CDATA[19:05:03.729 [main] INFO org.springframework.test.context.support.AnnotationConfigContextLoaderUtils -- Could not detect default configuration classes for test class [com.pramukh.productservice.ProductServiceApplicationTests]: ProductServiceApplicationTests does not declare any static, non-private, non-final, nested classes annotated with @Configuration.
19:05:03.849 [main] INFO org.springframework.boot.test.context.SpringBootTestContextBootstrapper -- Found @SpringBootConfiguration com.pramukh.productservice.ProductServiceApplication for test class com.pramukh.productservice.ProductServiceApplicationTests

  .   ____          _            __ _ _
 /\\ / ___'_ __ _ _(_)_ __  __ _ \ \ \ \
( ( )\___ | '_ | '_| | '_ \/ _` | \ \ \ \
 \\/  ___)| |_)| | | | | || (_| |  ) ) ) )
  '  |____| .__|_| |_|_| |_\__, | / / / /
 =========|_|==============|___/=/_/_/_/

 :: Spring Boot ::                (v3.4.1)

2025-02-05T19:05:04.263+01:00  INFO 14256 --- [ProductService] [           main] c.p.p.ProductServiceApplicationTests     : Starting ProductServiceApplicationTests using Java 17.0.11 with PID 14256 (started by pramu in C:\Users\pramu\Desktop\SAD-BugHunters\software-architecture-and-development-thebughunters\java\productService)
2025-02-05T19:05:04.264+01:00  INFO 14256 --- [ProductService] [           main] c.p.p.ProductServiceApplicationTests     : No active profile set, falling back to 1 default profile: "default"
2025-02-05T19:05:05.168+01:00  INFO 14256 --- [ProductService] [           main] .s.d.r.c.RepositoryConfigurationDelegate : Bootstrapping Spring Data MongoDB repositories in DEFAULT mode.
2025-02-05T19:05:05.217+01:00  INFO 14256 --- [ProductService] [           main] .s.d.r.c.RepositoryConfigurationDelegate : Finished Spring Data repository scanning in 42 ms. Found 1 MongoDB repository interface.
2025-02-05T19:05:06.240+01:00  INFO 14256 --- [ProductService] [l6i.mongodb.net] org.mongodb.driver.cluster               : Adding discovered server sad-java-shard-00-01.x9l6i.mongodb.net:27017 to client view of cluster
2025-02-05T19:05:06.243+01:00  INFO 14256 --- [ProductService] [           main] org.mongodb.driver.client                : MongoClient with metadata {"application": {"name": "SAD-JAVA"}, "driver": {"name": "mongo-java-driver|sync|spring-boot", "version": "5.2.1"}, "os": {"type": "Windows", "name": "Windows 11", "architecture": "amd64", "version": "10.0"}, "platform": "Java/Oracle Corporation/17.0.11+7-LTS-207"} created with settings MongoClientSettings{readPreference=primary, writeConcern=WriteConcern{w=majority, wTimeout=null ms, journal=null}, retryWrites=true, retryReads=true, readConcern=ReadConcern{level=null}, credential=MongoCredential{mechanism=null, userName='pramukhp35', source='admin', password=<hidden>, mechanismProperties=<hidden>}, transportSettings=null, commandListeners=[], codecRegistry=ProvidersCodecRegistry{codecProviders=[ValueCodecProvider{}, BsonValueCodecProvider{}, DBRefCodecProvider{}, DBObjectCodecProvider{}, DocumentCodecProvider{}, CollectionCodecProvider{}, IterableCodecProvider{}, MapCodecProvider{}, GeoJsonCodecProvider{}, GridFSFileCodecProvider{}, Jsr310CodecProvider{}, JsonObjectCodecProvider{}, BsonCodecProvider{}, EnumCodecProvider{}, com.mongodb.client.model.mql.ExpressionCodecProvider@1894fa9f, com.mongodb.Jep395RecordCodecProvider@1144a02b, com.mongodb.KotlinCodecProvider@26a4f9ed]}, loggerSettings=LoggerSettings{maxDocumentLength=1000}, clusterSettings={hosts=[127.0.0.1:27017], srvHost=sad-java.x9l6i.mongodb.net, srvServiceName=mongodb, mode=MULTIPLE, requiredClusterType=REPLICA_SET, requiredReplicaSetName='atlas-jgkgp8-shard-0', serverSelector='null', clusterListeners='[]', serverSelectionTimeout='30000 ms', localThreshold='15 ms'}, socketSettings=SocketSettings{connectTimeoutMS=10000, readTimeoutMS=0, receiveBufferSize=0, proxySettings=ProxySettings{host=null, port=null, username=null, password=null}}, heartbeatSocketSettings=SocketSettings{connectTimeoutMS=10000, readTimeoutMS=10000, receiveBufferSize=0, proxySettings=ProxySettings{host=null, port=null, username=null, password=null}}, connectionPoolSettings=ConnectionPoolSettings{maxSize=100, minSize=0, maxWaitTimeMS=120000, maxConnectionLifeTimeMS=0, maxConnectionIdleTimeMS=0, maintenanceInitialDelayMS=0, maintenanceFrequencyMS=60000, connectionPoolListeners=[], maxConnecting=2}, serverSettings=ServerSettings{heartbeatFrequencyMS=10000, minHeartbeatFrequencyMS=500, serverMonitoringMode=AUTO, serverListeners='[]', serverMonitorListeners='[]'}, sslSettings=SslSettings{enabled=true, invalidHostNameAllowed=false, context=null}, applicationName='SAD-JAVA', compressorList=[], uuidRepresentation=JAVA_LEGACY, serverApi=null, autoEncryptionSettings=null, dnsClient=null, inetAddressResolver=null, contextProvider=null, timeoutMS=null}
2025-02-05T19:05:06.294+01:00  INFO 14256 --- [ProductService] [l6i.mongodb.net] org.mongodb.driver.cluster               : Adding discovered server sad-java-shard-00-00.x9l6i.mongodb.net:27017 to client view of cluster
2025-02-05T19:05:06.296+01:00  INFO 14256 --- [ProductService] [l6i.mongodb.net] org.mongodb.driver.cluster               : Adding discovered server sad-java-shard-00-02.x9l6i.mongodb.net:27017 to client view of cluster
2025-02-05T19:05:07.245+01:00  INFO 14256 --- [ProductService] [ngodb.net:27017] org.mongodb.driver.cluster               : Monitor thread successfully connected to server with description ServerDescription{address=sad-java-shard-00-02.x9l6i.mongodb.net:27017, type=REPLICA_SET_PRIMARY, cryptd=false, state=CONNECTED, ok=true, minWireVersion=0, maxWireVersion=25, maxDocumentSize=16777216, logicalSessionTimeoutMinutes=30, roundTripTimeNanos=608647500, minRoundTripTimeNanos=0, setName='atlas-jgkgp8-shard-0', canonicalAddress=sad-java-shard-00-02.x9l6i.mongodb.net:27017, hosts=[sad-java-shard-00-01.x9l6i.mongodb.net:27017, sad-java-shard-00-00.x9l6i.mongodb.net:27017, sad-java-shard-00-02.x9l6i.mongodb.net:27017], passives=[], arbiters=[], primary='sad-java-shard-00-02.x9l6i.mongodb.net:27017', tagSet=TagSet{[Tag{name='availabilityZone', value='euc1-az1'}, Tag{name='diskState', value='READY'}, Tag{name='nodeType', value='ELECTABLE'}, Tag{name='provider', value='AWS'}, Tag{name='region', value='EU_CENTRAL_1'}, Tag{name='workloadType', value='OPERATIONAL'}]}, electionId=7fffffff00000000000001ae, setVersion=144, topologyVersion=TopologyVersion{processId=67a321ca9ee5d5eb4a13b7b6, counter=9}, lastWriteDate=Wed Feb 05 19:03:11 CET 2025, lastUpdateTimeNanos=244432739460000}
2025-02-05T19:05:07.246+01:00  INFO 14256 --- [ProductService] [ngodb.net:27017] org.mongodb.driver.cluster               : Monitor thread successfully connected to server with description ServerDescription{address=sad-java-shard-00-00.x9l6i.mongodb.net:27017, type=REPLICA_SET_SECONDARY, cryptd=false, state=CONNECTED, ok=true, minWireVersion=0, maxWireVersion=25, maxDocumentSize=16777216, logicalSessionTimeoutMinutes=30, roundTripTimeNanos=600549500, minRoundTripTimeNanos=0, setName='atlas-jgkgp8-shard-0', canonicalAddress=sad-java-shard-00-00.x9l6i.mongodb.net:27017, hosts=[sad-java-shard-00-01.x9l6i.mongodb.net:27017, sad-java-shard-00-00.x9l6i.mongodb.net:27017, sad-java-shard-00-02.x9l6i.mongodb.net:27017], passives=[], arbiters=[], primary='sad-java-shard-00-02.x9l6i.mongodb.net:27017', tagSet=TagSet{[Tag{name='availabilityZone', value='euc1-az2'}, Tag{name='diskState', value='READY'}, Tag{name='nodeType', value='ELECTABLE'}, Tag{name='provider', value='AWS'}, Tag{name='region', value='EU_CENTRAL_1'}, Tag{name='workloadType', value='OPERATIONAL'}]}, electionId=null, setVersion=144, topologyVersion=TopologyVersion{processId=67a322e79835d5f6b244f185, counter=5}, lastWriteDate=Wed Feb 05 19:03:11 CET 2025, lastUpdateTimeNanos=244432739460000}
2025-02-05T19:05:07.245+01:00  INFO 14256 --- [ProductService] [ngodb.net:27017] org.mongodb.driver.cluster               : Monitor thread successfully connected to server with description ServerDescription{address=sad-java-shard-00-01.x9l6i.mongodb.net:27017, type=REPLICA_SET_SECONDARY, cryptd=false, state=CONNECTED, ok=true, minWireVersion=0, maxWireVersion=25, maxDocumentSize=16777216, logicalSessionTimeoutMinutes=30, roundTripTimeNanos=600613100, minRoundTripTimeNanos=0, setName='atlas-jgkgp8-shard-0', canonicalAddress=sad-java-shard-00-01.x9l6i.mongodb.net:27017, hosts=[sad-java-shard-00-01.x9l6i.mongodb.net:27017, sad-java-shard-00-00.x9l6i.mongodb.net:27017, sad-java-shard-00-02.x9l6i.mongodb.net:27017], passives=[], arbiters=[], primary='sad-java-shard-00-02.x9l6i.mongodb.net:27017', tagSet=TagSet{[Tag{name='availabilityZone', value='euc1-az3'}, Tag{name='diskState', value='READY'}, Tag{name='nodeType', value='ELECTABLE'}, Tag{name='provider', value='AWS'}, Tag{name='region', value='EU_CENTRAL_1'}, Tag{name='workloadType', value='OPERATIONAL'}]}, electionId=null, setVersion=144, topologyVersion=TopologyVersion{processId=67a324448f3c59360a0d4233, counter=5}, lastWriteDate=Wed Feb 05 19:03:11 CET 2025, lastUpdateTimeNanos=244432739460000}
2025-02-05T19:05:07.253+01:00  INFO 14256 --- [ProductService] [ngodb.net:27017] org.mongodb.driver.cluster               : Discovered replica set primary sad-java-shard-00-02.x9l6i.mongodb.net:27017 with max election id 7fffffff00000000000001ae and max set version 144
2025-02-05T19:05:08.767+01:00  INFO 14256 --- [ProductService] [           main] c.p.p.ProductServiceApplicationTests     : Started ProductServiceApplicationTests in 4.732 seconds (process running for 5.666)
]]></system-out>
  </testcase>
</testsuite>